2020.07.25 20:34:59 INFO  started: Metals version 0.9.2 in workspace 'C:\Users\yamam\workspace\scala-study' for client vscode.
2020.07.25 20:34:59 INFO  time: initialize in 0.72s
2020.07.25 20:35:00 INFO  no build target: using presentation compiler with only scala-library
2020.07.25 20:35:03 WARN  no build target for: C:\Users\yamam\workspace\scala-study\Factorial.scala
7åé 25, 2020 8:35:03 åﬂå„ org.eclipse.lsp4j.jsonrpc.services.GenericEndpoint notify
èÓïÒ: Unsupported notification method: $/setTraceNotification
7åé 25, 2020 8:35:18 åﬂå„ org.eclipse.lsp4j.jsonrpc.services.GenericEndpoint notify
èÓïÒ: Unsupported notification method: $/setTraceNotification
7åé 25, 2020 8:36:25 åﬂå„ org.eclipse.lsp4j.jsonrpc.services.GenericEndpoint notify
èÓïÒ: Unsupported notification method: $/setTraceNotification
7åé 25, 2020 8:36:54 åﬂå„ org.eclipse.lsp4j.jsonrpc.services.GenericEndpoint notify
èÓïÒ: Unsupported notification method: $/setTraceNotification
7åé 25, 2020 8:37:30 åﬂå„ org.eclipse.lsp4j.jsonrpc.services.GenericEndpoint notify
èÓïÒ: Unsupported notification method: $/setTraceNotification
7åé 25, 2020 8:37:30 åﬂå„ org.eclipse.lsp4j.jsonrpc.services.GenericEndpoint notify
èÓïÒ: Unsupported notification method: $/setTraceNotification
7åé 25, 2020 8:37:31 åﬂå„ org.eclipse.lsp4j.jsonrpc.services.GenericEndpoint notify
èÓïÒ: Unsupported notification method: $/setTraceNotification
2020.07.25 20:40:03 INFO  shutting down Metals
2020.07.25 20:40:19 INFO  started: Metals version 0.9.2 in workspace 'C:\Users\yamam\workspace\scala-study' for client vscode.
2020.07.25 20:40:20 INFO  time: initialize in 0.78s
2020.07.25 20:40:20 INFO  skipping build import with status 'Dismissed'
7åé 25, 2020 8:40:26 åﬂå„ org.eclipse.lsp4j.jsonrpc.services.GenericEndpoint notify
èÓïÒ: Unsupported notification method: $/setTraceNotification
2020.07.25 20:42:11 INFO  no build target: using presentation compiler with only scala-library
2020.07.25 20:42:15 WARN  no build target for: C:\Users\yamam\workspace\scala-study\Factorial.scala
7åé 25, 2020 8:42:15 åﬂå„ org.eclipse.lsp4j.jsonrpc.RemoteEndpoint handleCancellation
åxçê: Unmatched cancel notification for request id 1
2020.07.25 20:42:15 WARN  no build target for: C:\Users\yamam\workspace\scala-study\Distance.scala
7åé 25, 2020 8:42:15 åﬂå„ org.eclipse.lsp4j.jsonrpc.RemoteEndpoint handleCancellation
åxçê: Unmatched cancel notification for request id 5
7åé 25, 2020 8:42:15 åﬂå„ org.eclipse.lsp4j.jsonrpc.RemoteEndpoint handleCancellation
åxçê: Unmatched cancel notification for request id 8
7åé 25, 2020 8:42:15 åﬂå„ org.eclipse.lsp4j.jsonrpc.RemoteEndpoint handleCancellation
åxçê: Unmatched cancel notification for request id 9
2020.07.25 20:42:15 WARN  no build target for: C:\Users\yamam\workspace\scala-study\Main.scala
7åé 25, 2020 8:42:15 åﬂå„ org.eclipse.lsp4j.jsonrpc.RemoteEndpoint handleCancellation
åxçê: Unmatched cancel notification for request id 10
2020.07.25 20:42:17 WARN  no build target for: C:\Users\yamam\workspace\scala-study\PartialSumDFS.scala
2020.07.25 20:44:37 ERROR scalafmt: C:\Users\yamam\workspace\scala-study\PartialSumDFS.scala:2: error: ) expected but integer constant found
  val a = Seq(3, 6, -5 7)
                       ^
2020.07.25 20:44:37 WARN  no build target for: C:\Users\yamam\workspace\scala-study\PartialSumDFS.scala
2020.07.25 20:44:37 INFO  skipping build import with status 'Requested'
2020.07.25 20:44:40 ERROR scalafmt: C:\Users\yamam\workspace\scala-study\PartialSumDFS.scala:2: error: ) expected but integer constant found
  val a = Seq(3, 6, -5 7)
                       ^
2020.07.25 20:44:40 WARN  no build target for: C:\Users\yamam\workspace\scala-study\PartialSumDFS.scala
2020.07.25 20:44:40 INFO  skipping build import with status 'Requested'
2020.07.25 20:44:40 ERROR scalafmt: C:\Users\yamam\workspace\scala-study\PartialSumDFS.scala:2: error: ) expected but integer constant found
  val a = Seq(3, 6, -5 7)
                       ^
2020.07.25 20:44:40 WARN  no build target for: C:\Users\yamam\workspace\scala-study\PartialSumDFS.scala
2020.07.25 20:44:40 INFO  skipping build import with status 'Requested'
2020.07.25 20:44:40 ERROR scalafmt: C:\Users\yamam\workspace\scala-study\PartialSumDFS.scala:2: error: ) expected but integer constant found
  val a = Seq(3, 6, -5 7)
                       ^
2020.07.25 20:44:40 WARN  no build target for: C:\Users\yamam\workspace\scala-study\PartialSumDFS.scala
2020.07.25 20:44:40 INFO  skipping build import with status 'Requested'
2020.07.25 20:44:45 WARN  no build target for: C:\Users\yamam\workspace\scala-study\PartialSumDFS.scala
2020.07.25 20:44:45 INFO  skipping build import with status 'Requested'
2020.07.25 20:44:45 WARN  no build target for: C:\Users\yamam\workspace\scala-study\PartialSumDFS.scala
2020.07.25 20:44:45 INFO  skipping build import with status 'Requested'
2020.07.25 20:49:43 WARN  no build target for: C:\Users\yamam\workspace\scala-study\PartialSumDFS.scala
2020.07.25 20:49:43 INFO  skipping build import with status 'Requested'
something's wrong: no file:///c%3A/Users/yamam/workspace/scala-study/PartialSumDFS.scala in Seq[<error>]RangePosition(file:///c%3A/Users/yamam/workspace/scala-study/PartialSumDFS.scala, 143, 143, 156)
something's wrong: no file:///c%3A/Users/yamam/workspace/scala-study/PartialSumDFS.scala in Seq[<error>]RangePosition(file:///c%3A/Users/yamam/workspace/scala-study/PartialSumDFS.scala, 143, 143, 149)
something's wrong: no file:///c%3A/Users/yamam/workspace/scala-study/PartialSumDFS.scala in Seq[Int]RangePosition(file:///c%3A/Users/yamam/workspace/scala-study/PartialSumDFS.scala, 143, 143, 151)
something's wrong: no file:///c%3A/Users/yamam/workspace/scala-study/PartialSumDFS.scala in Seq[Int]RangePosition(file:///c%3A/Users/yamam/workspace/scala-study/PartialSumDFS.scala, 143, 143, 151)
something's wrong: no file:///c%3A/Users/yamam/workspace/scala-study/PartialSumDFS.scala in Seq[Int]RangePosition(file:///c%3A/Users/yamam/workspace/scala-study/PartialSumDFS.scala, 143, 143, 151)
2020.07.25 21:27:07 WARN  no build target for: C:\Users\yamam\workspace\scala-study\PartialSumDFS.scala
2020.07.25 21:27:07 INFO  skipping build import with status 'Requested'
2020.07.25 21:27:14 WARN  no build target for: C:\Users\yamam\workspace\scala-study\PartialSumDFS.scala
2020.07.25 21:27:14 INFO  skipping build import with status 'Requested'
2020.07.25 21:54:50 WARN  no build target for: C:\Users\yamam\workspace\scala-study\PartialSumDFS.scala
2020.07.25 21:54:50 INFO  skipping build import with status 'Requested'
2020.07.25 22:17:26 WARN  no build target for: C:\Users\yamam\workspace\scala-study\PartialSumBitOp.scala
2020.07.25 22:28:32 WARN  no build target for: C:\Users\yamam\workspace\scala-study\PartialSumBitOp.scala
2020.07.25 22:28:32 INFO  skipping build import with status 'Requested'
something's wrong: no file:///c%3A/Users/yamam/workspace/scala-study/PartialSumBitOp.scala in Seq[<error>]RangePosition(file:///c%3A/Users/yamam/workspace/scala-study/PartialSumBitOp.scala, 591, 591, 604)
something's wrong: no file:///c%3A/Users/yamam/workspace/scala-study/PartialSumBitOp.scala in Seq[<error>]RangePosition(file:///c%3A/Users/yamam/workspace/scala-study/PartialSumBitOp.scala, 591, 591, 597)
something's wrong: no file:///c%3A/Users/yamam/workspace/scala-study/PartialSumBitOp.scala in Seq[<error>]RangePosition(file:///c%3A/Users/yamam/workspace/scala-study/PartialSumBitOp.scala, 591, 591, 598)
something's wrong: no file:///c%3A/Users/yamam/workspace/scala-study/PartialSumBitOp.scala in Seq[Int]RangePosition(file:///c%3A/Users/yamam/workspace/scala-study/PartialSumBitOp.scala, 591, 591, 599)
something's wrong: no file:///c%3A/Users/yamam/workspace/scala-study/PartialSumBitOp.scala in Seq[Int]RangePosition(file:///c%3A/Users/yamam/workspace/scala-study/PartialSumBitOp.scala, 591, 591, 599)
something's wrong: no file:///c%3A/Users/yamam/workspace/scala-study/PartialSumBitOp.scala in Seq[Int]RangePosition(file:///c%3A/Users/yamam/workspace/scala-study/PartialSumBitOp.scala, 591, 591, 599)
7åé 25, 2020 10:32:10 åﬂå„ scala.meta.internal.pc.CompletionProvider expected$1
åxçê: null
7åé 25, 2020 10:32:12 åﬂå„ scala.meta.internal.pc.CompilerAccess handleError
èdëÂ: null
java.lang.NullPointerException
	at scala.meta.internal.pc.completions.ArgCompletions$ArgCompletion.$anonfun$baseParams$1(ArgCompletions.scala:26)
	at scala.Option.getOrElse(Option.scala:189)
	at scala.meta.internal.pc.completions.ArgCompletions$ArgCompletion.baseParams$lzycompute(ArgCompletions.scala:26)
	at scala.meta.internal.pc.completions.ArgCompletions$ArgCompletion.baseParams(ArgCompletions.scala:22)
	at scala.meta.internal.pc.completions.ArgCompletions$ArgCompletion.allParams$lzycompute(ArgCompletions.scala:40)
	at scala.meta.internal.pc.completions.ArgCompletions$ArgCompletion.allParams(ArgCompletions.scala:39)
	at scala.meta.internal.pc.completions.ArgCompletions$ArgCompletion.params$lzycompute(ArgCompletions.scala:46)
	at scala.meta.internal.pc.completions.ArgCompletions$ArgCompletion.params(ArgCompletions.scala:45)
	at scala.meta.internal.pc.completions.ArgCompletions$ArgCompletion.contribute(ArgCompletions.scala:157)
	at scala.meta.internal.pc.CompletionProvider.expected$1(CompletionProvider.scala:387)
	at scala.meta.internal.pc.CompletionProvider.safeCompletionsAt(CompletionProvider.scala:466)
	at scala.meta.internal.pc.CompletionProvider.completions(CompletionProvider.scala:57)

2020.07.25 22:32:51 WARN  no build target for: C:\Users\yamam\workspace\scala-study\PartialSumBitOp.scala
2020.07.25 22:32:51 INFO  skipping build import with status 'Requested'
2020.07.25 22:32:54 WARN  no build target for: C:\Users\yamam\workspace\scala-study\PartialSumBitOp.scala
2020.07.25 22:32:54 INFO  skipping build import with status 'Requested'
2020.07.25 22:32:54 WARN  no build target for: C:\Users\yamam\workspace\scala-study\PartialSumBitOp.scala
2020.07.25 22:32:54 INFO  skipping build import with status 'Requested'
2020.07.25 22:35:48 WARN  no build target for: C:\Users\yamam\workspace\scala-study\PartialSumBitOp.scala
2020.07.25 22:35:48 INFO  skipping build import with status 'Requested'
7åé 25, 2020 11:38:52 åﬂå„ org.eclipse.lsp4j.jsonrpc.services.GenericEndpoint notify
èÓïÒ: Unsupported notification method: $/setTraceNotification
7åé 25, 2020 11:39:07 åﬂå„ org.eclipse.lsp4j.jsonrpc.services.GenericEndpoint notify
èÓïÒ: Unsupported notification method: $/setTraceNotification
7åé 25, 2020 11:39:07 åﬂå„ org.eclipse.lsp4j.jsonrpc.services.GenericEndpoint notify
èÓïÒ: Unsupported notification method: $/setTraceNotification
7åé 25, 2020 11:39:07 åﬂå„ org.eclipse.lsp4j.jsonrpc.services.GenericEndpoint notify
èÓïÒ: Unsupported notification method: $/setTraceNotification
